#-----------------------------------------------------------
# Vivado v2018.2 (64-bit)
# SW Build 2258646 on Thu Jun 14 20:02:38 MDT 2018
# IP Build 2256618 on Thu Jun 14 22:10:49 MDT 2018
# Start of session at: Mon Nov  4 11:09:25 2019
# Process ID: 3421
# Current directory: /home/bernardo/FPGA/ESTHER_TRIGGER/hdl/projects/fmcjesdadc1/kc705
# Command line: vivado
# Log file: /home/bernardo/FPGA/ESTHER_TRIGGER/hdl/projects/fmcjesdadc1/kc705/vivado.log
# Journal file: /home/bernardo/FPGA/ESTHER_TRIGGER/hdl/projects/fmcjesdadc1/kc705/vivado.jou
#-----------------------------------------------------------
start_gui
open_project /home/bernardo/FPGA/ESTHER_TRIGGER/hdl/projects/fmcjesdadc1/kc705/fmcjesdadc1_kc705.xpr
Scanning sources...
Finished scanning sources
INFO: [IP_Flow 19-234] Refreshing IP repositories
INFO: [IP_Flow 19-1700] Loaded user IP repository '/home/bernardo/FPGA/ESTHER_TRIGGER/hdl/library'.
INFO: [IP_Flow 19-2313] Loaded Vivado IP repository '/home/Xilinx/Vivado/2018.2/data/ip'.
open_project: Time (s): cpu = 00:00:25 ; elapsed = 00:01:29 . Memory (MB): peak = 6235.777 ; gain = 243.074 ; free physical = 11421 ; free virtual = 46894
update_compile_order -fileset sources_1
reset_run synth_1
launch_runs impl_1 -to_step write_bitstream -jobs 4
[Mon Nov  4 11:38:11 2019] Launched synth_1...
Run output will be captured here: /home/bernardo/FPGA/ESTHER_TRIGGER/hdl/projects/fmcjesdadc1/kc705/fmcjesdadc1_kc705.runs/synth_1/runme.log
[Mon Nov  4 11:38:11 2019] Launched impl_1...
Run output will be captured here: /home/bernardo/FPGA/ESTHER_TRIGGER/hdl/projects/fmcjesdadc1/kc705/fmcjesdadc1_kc705.runs/impl_1/runme.log
update_compile_order -fileset sources_1
