#-----------------------------------------------------------
# Vivado v2018.2 (64-bit)
# SW Build 2258646 on Thu Jun 14 20:02:38 MDT 2018
# IP Build 2256618 on Thu Jun 14 22:10:49 MDT 2018
# Start of session at: Tue Nov  5 14:07:19 2019
# Process ID: 2067
# Current directory: /home/bernardo/FPGA/ESTHER_TRIGGER/hdl/projects/fmcjesdadc1/kc705
# Command line: vivado
# Log file: /home/bernardo/FPGA/ESTHER_TRIGGER/hdl/projects/fmcjesdadc1/kc705/vivado.log
# Journal file: /home/bernardo/FPGA/ESTHER_TRIGGER/hdl/projects/fmcjesdadc1/kc705/vivado.jou
#-----------------------------------------------------------
start_gui
open_project /home/bernardo/FPGA/ESTHER_TRIGGER/hdl/projects/fmcjesdadc1/kc705/fmcjesdadc1_kc705.xpr
Scanning sources...
Finished scanning sources
INFO: [IP_Flow 19-234] Refreshing IP repositories
INFO: [IP_Flow 19-1700] Loaded user IP repository '/home/bernardo/FPGA/ESTHER_TRIGGER/hdl/library'.
INFO: [IP_Flow 19-2313] Loaded Vivado IP repository '/home/Xilinx/Vivado/2018.2/data/ip'.
open_project: Time (s): cpu = 00:00:24 ; elapsed = 00:00:34 . Memory (MB): peak = 6233.473 ; gain = 240.652 ; free physical = 13340 ; free virtual = 48033
update_compile_order -fileset sources_1
