Copyright 1986-2018 Xilinx, Inc. All Rights Reserved.
--------------------------------------------------------------------------------------------------------------------------------------------------------------------
| Tool Version : Vivado v.2018.2 (lin64) Build 2258646 Thu Jun 14 20:02:38 MDT 2018
| Date         : Wed Dec  9 17:21:56 2020
| Host         : marte-sb1 running 64-bit Debian GNU/Linux 10 (buster)
| Command      : report_methodology -file system_top_methodology_drc_routed.rpt -pb system_top_methodology_drc_routed.pb -rpx system_top_methodology_drc_routed.rpx
| Design       : system_top
| Device       : xc7k325tffg900-2
| Speed File   : -2
| Design State : Routed
--------------------------------------------------------------------------------------------------------------------------------------------------------------------

Report Methodology

Table of Contents
-----------------
1. REPORT SUMMARY
2. REPORT DETAILS

1. REPORT SUMMARY
-----------------
            Netlist: netlist
          Floorplan: design_1
      Design limits: <entire design considered>
             Max violations: <unlimited>
             Violations found: 127
+-----------+----------+----------------------------------------------------+------------+
| Rule      | Severity | Description                                        | Violations |
+-----------+----------+----------------------------------------------------+------------+
| LUTAR-1   | Warning  | LUT drives async reset alert                       | 4          |
| PDRC-190  | Warning  | Suboptimally placed synchronized register chain    | 24         |
| TIMING-9  | Warning  | Unknown CDC Logic                                  | 1          |
| TIMING-18 | Warning  | Missing input or output delay                      | 17         |
| TIMING-20 | Warning  | Non-clocked latch                                  | 1          |
| TIMING-25 | Warning  | Invalid clock waveform on gigabit transceiver (GT) | 1          |
| XDCB-5    | Warning  | Runtime inefficient way to find pin objects        | 15         |
| REQP-1959 | Advisory | connects_SERDES_RST_driver_not_FF                  | 64         |
+-----------+----------+----------------------------------------------------+------------+

2. REPORT DETAILS
-----------------
LUTAR-1#1 Warning
LUT drives async reset alert  
LUT cell i_system_wrapper/system_i/axi_ddr_cntrl/u_system_axi_ddr_cntrl_0_mig/u_memc_ui_top_axi/mem_intfc0/ddr_phy_top0/u_ddr_mc_phy_wrapper/u_ddr_mc_phy/ddr_phy_4lanes_0.u_ddr_phy_4lanes/rstdiv2_sync_r[11]_i_1, with 2 or more inputs, drives asynchronous preset/clear pin(s) i_system_wrapper/system_i/axi_ddr_cntrl/u_system_axi_ddr_cntrl_0_mig/u_ddr3_infrastructure/rst_sync_r1_reg/PRE, i_system_wrapper/system_i/axi_ddr_cntrl/u_system_axi_ddr_cntrl_0_mig/u_ddr3_infrastructure/rst_sync_r_reg[0]/PRE, i_system_wrapper/system_i/axi_ddr_cntrl/u_system_axi_ddr_cntrl_0_mig/u_ddr3_infrastructure/rst_sync_r_reg[10]/PRE, i_system_wrapper/system_i/axi_ddr_cntrl/u_system_axi_ddr_cntrl_0_mig/u_ddr3_infrastructure/rst_sync_r_reg[11]/PRE, i_system_wrapper/system_i/axi_ddr_cntrl/u_system_axi_ddr_cntrl_0_mig/u_ddr3_infrastructure/rst_sync_r_reg[1]/PRE, i_system_wrapper/system_i/axi_ddr_cntrl/u_system_axi_ddr_cntrl_0_mig/u_ddr3_infrastructure/rst_sync_r_reg[2]/PRE, i_system_wrapper/system_i/axi_ddr_cntrl/u_system_axi_ddr_cntrl_0_mig/u_ddr3_infrastructure/rst_sync_r_reg[3]/PRE, i_system_wrapper/system_i/axi_ddr_cntrl/u_system_axi_ddr_cntrl_0_mig/u_ddr3_infrastructure/rst_sync_r_reg[4]/PRE, i_system_wrapper/system_i/axi_ddr_cntrl/u_system_axi_ddr_cntrl_0_mig/u_ddr3_infrastructure/rst_sync_r_reg[5]/PRE, i_system_wrapper/system_i/axi_ddr_cntrl/u_system_axi_ddr_cntrl_0_mig/u_ddr3_infrastructure/rst_sync_r_reg[6]/PRE, i_system_wrapper/system_i/axi_ddr_cntrl/u_system_axi_ddr_cntrl_0_mig/u_ddr3_infrastructure/rst_sync_r_reg[7]/PRE, i_system_wrapper/system_i/axi_ddr_cntrl/u_system_axi_ddr_cntrl_0_mig/u_ddr3_infrastructure/rst_sync_r_reg[8]/PRE, i_system_wrapper/system_i/axi_ddr_cntrl/u_system_axi_ddr_cntrl_0_mig/u_ddr3_infrastructure/rst_sync_r_reg[9]/PRE, i_system_wrapper/system_i/axi_ddr_cntrl/u_system_axi_ddr_cntrl_0_mig/u_ddr3_infrastructure/rstdiv0_sync_r1_reg/PRE, i_system_wrapper/system_i/axi_ddr_cntrl/u_system_axi_ddr_cntrl_0_mig/u_ddr3_infrastructure/rstdiv0_sync_r1_reg_rep/PRE (the first 15 of 57 listed). The LUT may glitch and trigger an unexpected reset, even if it is a properly timed path.
Related violations: <none>

LUTAR-1#2 Warning
LUT drives async reset alert  
LUT cell i_system_wrapper/system_i/sys_mb_debug/U0/MDM_Core_I1/JTAG_CONTROL_I/Use_BSCAN.FDC_I/Use_UART.execute_i_2, with 2 or more inputs, drives asynchronous preset/clear pin(s) i_system_wrapper/system_i/sys_mb_debug/U0/MDM_Core_I1/JTAG_CONTROL_I/Use_UART.execute_reg/CLR. The LUT may glitch and trigger an unexpected reset, even if it is a properly timed path.
Related violations: <none>

LUTAR-1#3 Warning
LUT drives async reset alert  
LUT cell i_system_wrapper/system_i/sys_mb_debug/U0/MDM_Core_I1/JTAG_CONTROL_I/sel_n_i_2, with 2 or more inputs, drives asynchronous preset/clear pin(s) i_system_wrapper/system_i/sys_mb_debug/U0/MDM_Core_I1/JTAG_CONTROL_I/sel_n_reg/PRE. The LUT may glitch and trigger an unexpected reset, even if it is a properly timed path.
Related violations: <none>

LUTAR-1#4 Warning
LUT drives async reset alert  
LUT cell xilinx_pcie_i/pcie_7x_0_support_i/pcie_7x_0_i/inst/inst/user_reset_out_i_1, with 2 or more inputs, drives asynchronous preset/clear pin(s) xilinx_pcie_i/pcie_7x_0_support_i/pcie_7x_0_i/inst/inst/user_reset_int_reg/PRE, xilinx_pcie_i/pcie_7x_0_support_i/pcie_7x_0_i/inst/inst/user_reset_out_reg/PRE. The LUT may glitch and trigger an unexpected reset, even if it is a properly timed path.
Related violations: <none>

PDRC-190#1 Warning
Suboptimally placed synchronized register chain  
The FDCE cell i_system_wrapper/system_i/axi_ad9250_0_core/inst/i_adc_jesd204/i_regmap/i_up_adc_common/i_clock_mon/d_count_run_m3_reg in site SLICE_X105Y180 is part of a synchronized register chain that is suboptimally placed as the load FDRE cell i_system_wrapper/system_i/axi_ad9250_0_core/inst/i_adc_jesd204/i_regmap/i_up_adc_common/i_clock_mon/up_count_running_m1_reg is not placed in the same (SLICE) site.
Related violations: <none>

PDRC-190#2 Warning
Suboptimally placed synchronized register chain  
The FDCE cell i_system_wrapper/system_i/axi_ad9250_1_core/inst/i_adc_jesd204/i_regmap/i_up_adc_common/i_clock_mon/d_count_run_m3_reg in site SLICE_X96Y192 is part of a synchronized register chain that is suboptimally placed as the load FDRE cell i_system_wrapper/system_i/axi_ad9250_1_core/inst/i_adc_jesd204/i_regmap/i_up_adc_common/i_clock_mon/up_count_running_m1_reg is not placed in the same (SLICE) site.
Related violations: <none>

PDRC-190#3 Warning
Suboptimally placed synchronized register chain  
The FDCE cell i_system_wrapper/system_i/axi_ad9250_jesd/rx_axi/inst/i_up_common/i_clock_mon/d_count_run_m3_reg in site SLICE_X123Y229 is part of a synchronized register chain that is suboptimally placed as the load FDRE cell i_system_wrapper/system_i/axi_ad9250_jesd/rx_axi/inst/i_up_common/i_clock_mon/up_count_running_m1_reg is not placed in the same (SLICE) site.
Related violations: <none>

PDRC-190#4 Warning
Suboptimally placed synchronized register chain  
The FDPE cell i_system_wrapper/system_i/axi_ad9250_0_dma/inst/i_transfer/i_reset_manager/reset_gen[0].reset_async_reg[0] in site SLICE_X54Y127 is part of a synchronized register chain that is suboptimally placed as the load FDPE cell i_system_wrapper/system_i/axi_ad9250_0_dma/inst/i_transfer/i_reset_manager/reset_gen[1].reset_async_reg[3] is not placed in the same (SLICE) site.
Related violations: <none>

PDRC-190#5 Warning
Suboptimally placed synchronized register chain  
The FDPE cell i_system_wrapper/system_i/axi_ad9250_0_dma/inst/i_transfer/i_reset_manager/reset_gen[1].reset_async_reg[0] in site SLICE_X54Y128 is part of a synchronized register chain that is suboptimally placed as the load FDPE cell i_system_wrapper/system_i/axi_ad9250_0_dma/inst/i_transfer/i_reset_manager/reset_gen[2].reset_async_reg[3] is not placed in the same (SLICE) site.
Related violations: <none>

PDRC-190#6 Warning
Suboptimally placed synchronized register chain  
The FDPE cell i_system_wrapper/system_i/axi_ad9250_1_dma/inst/i_transfer/i_reset_manager/reset_gen[0].reset_async_reg[0] in site SLICE_X43Y120 is part of a synchronized register chain that is suboptimally placed as the load FDPE cell i_system_wrapper/system_i/axi_ad9250_1_dma/inst/i_transfer/i_reset_manager/reset_gen[1].reset_async_reg[3] is not placed in the same (SLICE) site.
Related violations: <none>

PDRC-190#7 Warning
Suboptimally placed synchronized register chain  
The FDPE cell i_system_wrapper/system_i/axi_ad9250_1_dma/inst/i_transfer/i_reset_manager/reset_gen[1].reset_async_reg[0] in site SLICE_X43Y121 is part of a synchronized register chain that is suboptimally placed as the load FDPE cell i_system_wrapper/system_i/axi_ad9250_1_dma/inst/i_transfer/i_reset_manager/reset_gen[2].reset_async_reg[3] is not placed in the same (SLICE) site.
Related violations: <none>

PDRC-190#8 Warning
Suboptimally placed synchronized register chain  
The FDRE cell i_system_wrapper/system_i/axi_ad9250_0_dma/inst/i_transfer/i_reset_manager/i_sync_control_src/cdc_sync_stage2_reg[0] in site SLICE_X63Y122 is part of a synchronized register chain that is suboptimally placed as the load FDRE cell i_system_wrapper/system_i/axi_ad9250_0_dma/inst/i_transfer/i_reset_manager/i_sync_status_src/cdc_sync_stage1_reg[0] is not placed in the same (SLICE) site.
Related violations: <none>

PDRC-190#9 Warning
Suboptimally placed synchronized register chain  
The FDRE cell i_system_wrapper/system_i/axi_ad9250_1_dma/inst/i_transfer/i_reset_manager/i_sync_control_src/cdc_sync_stage2_reg[0] in site SLICE_X52Y116 is part of a synchronized register chain that is suboptimally placed as the load FDRE cell i_system_wrapper/system_i/axi_ad9250_1_dma/inst/i_transfer/i_reset_manager/i_sync_status_src/cdc_sync_stage1_reg[0] is not placed in the same (SLICE) site.
Related violations: <none>

PDRC-190#10 Warning
Suboptimally placed synchronized register chain  
The FDRE cell i_system_wrapper/system_i/axi_ddr_cntrl/u_system_axi_ddr_cntrl_0_mig/temp_mon_enabled.u_tempmon/device_temp_sync_r5_reg[0] in site SLICE_X102Y82 is part of a synchronized register chain that is suboptimally placed as the load FDRE cell i_system_wrapper/system_i/axi_ddr_cntrl/u_system_axi_ddr_cntrl_0_mig/temp_mon_enabled.u_tempmon/device_temp_r_reg[0] is not placed in the same (SLICE) site.
Related violations: <none>

PDRC-190#11 Warning
Suboptimally placed synchronized register chain  
The FDRE cell i_system_wrapper/system_i/axi_ddr_cntrl/u_system_axi_ddr_cntrl_0_mig/temp_mon_enabled.u_tempmon/device_temp_sync_r5_reg[10] in site SLICE_X100Y84 is part of a synchronized register chain that is suboptimally placed as the load FDRE cell i_system_wrapper/system_i/axi_ddr_cntrl/u_system_axi_ddr_cntrl_0_mig/temp_mon_enabled.u_tempmon/device_temp_r_reg[10] is not placed in the same (SLICE) site.
Related violations: <none>

PDRC-190#12 Warning
Suboptimally placed synchronized register chain  
The FDRE cell i_system_wrapper/system_i/axi_ddr_cntrl/u_system_axi_ddr_cntrl_0_mig/temp_mon_enabled.u_tempmon/device_temp_sync_r5_reg[11] in site SLICE_X98Y82 is part of a synchronized register chain that is suboptimally placed as the load FDRE cell i_system_wrapper/system_i/axi_ddr_cntrl/u_system_axi_ddr_cntrl_0_mig/temp_mon_enabled.u_tempmon/device_temp_r_reg[11] is not placed in the same (SLICE) site.
Related violations: <none>

PDRC-190#13 Warning
Suboptimally placed synchronized register chain  
The FDRE cell i_system_wrapper/system_i/axi_ddr_cntrl/u_system_axi_ddr_cntrl_0_mig/temp_mon_enabled.u_tempmon/device_temp_sync_r5_reg[1] in site SLICE_X99Y83 is part of a synchronized register chain that is suboptimally placed as the load FDRE cell i_system_wrapper/system_i/axi_ddr_cntrl/u_system_axi_ddr_cntrl_0_mig/temp_mon_enabled.u_tempmon/device_temp_r_reg[1] is not placed in the same (SLICE) site.
Related violations: <none>

PDRC-190#14 Warning
Suboptimally placed synchronized register chain  
The FDRE cell i_system_wrapper/system_i/axi_ddr_cntrl/u_system_axi_ddr_cntrl_0_mig/temp_mon_enabled.u_tempmon/device_temp_sync_r5_reg[2] in site SLICE_X101Y84 is part of a synchronized register chain that is suboptimally placed as the load FDRE cell i_system_wrapper/system_i/axi_ddr_cntrl/u_system_axi_ddr_cntrl_0_mig/temp_mon_enabled.u_tempmon/device_temp_r_reg[2] is not placed in the same (SLICE) site.
Related violations: <none>

PDRC-190#15 Warning
Suboptimally placed synchronized register chain  
The FDRE cell i_system_wrapper/system_i/axi_ddr_cntrl/u_system_axi_ddr_cntrl_0_mig/temp_mon_enabled.u_tempmon/device_temp_sync_r5_reg[3] in site SLICE_X104Y83 is part of a synchronized register chain that is suboptimally placed as the load FDRE cell i_system_wrapper/system_i/axi_ddr_cntrl/u_system_axi_ddr_cntrl_0_mig/temp_mon_enabled.u_tempmon/device_temp_r_reg[3] is not placed in the same (SLICE) site.
Related violations: <none>

PDRC-190#16 Warning
Suboptimally placed synchronized register chain  
The FDRE cell i_system_wrapper/system_i/axi_ddr_cntrl/u_system_axi_ddr_cntrl_0_mig/temp_mon_enabled.u_tempmon/device_temp_sync_r5_reg[4] in site SLICE_X102Y86 is part of a synchronized register chain that is suboptimally placed as the load FDRE cell i_system_wrapper/system_i/axi_ddr_cntrl/u_system_axi_ddr_cntrl_0_mig/temp_mon_enabled.u_tempmon/device_temp_r_reg[4] is not placed in the same (SLICE) site.
Related violations: <none>

PDRC-190#17 Warning
Suboptimally placed synchronized register chain  
The FDRE cell i_system_wrapper/system_i/axi_ddr_cntrl/u_system_axi_ddr_cntrl_0_mig/temp_mon_enabled.u_tempmon/device_temp_sync_r5_reg[5] in site SLICE_X97Y82 is part of a synchronized register chain that is suboptimally placed as the load FDRE cell i_system_wrapper/system_i/axi_ddr_cntrl/u_system_axi_ddr_cntrl_0_mig/temp_mon_enabled.u_tempmon/device_temp_r_reg[5] is not placed in the same (SLICE) site.
Related violations: <none>

PDRC-190#18 Warning
Suboptimally placed synchronized register chain  
The FDRE cell i_system_wrapper/system_i/axi_ddr_cntrl/u_system_axi_ddr_cntrl_0_mig/temp_mon_enabled.u_tempmon/device_temp_sync_r5_reg[6] in site SLICE_X103Y83 is part of a synchronized register chain that is suboptimally placed as the load FDRE cell i_system_wrapper/system_i/axi_ddr_cntrl/u_system_axi_ddr_cntrl_0_mig/temp_mon_enabled.u_tempmon/device_temp_r_reg[6] is not placed in the same (SLICE) site.
Related violations: <none>

PDRC-190#19 Warning
Suboptimally placed synchronized register chain  
The FDRE cell i_system_wrapper/system_i/axi_ddr_cntrl/u_system_axi_ddr_cntrl_0_mig/temp_mon_enabled.u_tempmon/device_temp_sync_r5_reg[7] in site SLICE_X98Y84 is part of a synchronized register chain that is suboptimally placed as the load FDRE cell i_system_wrapper/system_i/axi_ddr_cntrl/u_system_axi_ddr_cntrl_0_mig/temp_mon_enabled.u_tempmon/device_temp_r_reg[7] is not placed in the same (SLICE) site.
Related violations: <none>

PDRC-190#20 Warning
Suboptimally placed synchronized register chain  
The FDRE cell i_system_wrapper/system_i/axi_ddr_cntrl/u_system_axi_ddr_cntrl_0_mig/temp_mon_enabled.u_tempmon/device_temp_sync_r5_reg[8] in site SLICE_X100Y82 is part of a synchronized register chain that is suboptimally placed as the load FDRE cell i_system_wrapper/system_i/axi_ddr_cntrl/u_system_axi_ddr_cntrl_0_mig/temp_mon_enabled.u_tempmon/device_temp_r_reg[8] is not placed in the same (SLICE) site.
Related violations: <none>

PDRC-190#21 Warning
Suboptimally placed synchronized register chain  
The FDRE cell i_system_wrapper/system_i/axi_ddr_cntrl/u_system_axi_ddr_cntrl_0_mig/temp_mon_enabled.u_tempmon/device_temp_sync_r5_reg[9] in site SLICE_X102Y84 is part of a synchronized register chain that is suboptimally placed as the load FDRE cell i_system_wrapper/system_i/axi_ddr_cntrl/u_system_axi_ddr_cntrl_0_mig/temp_mon_enabled.u_tempmon/device_temp_r_reg[9] is not placed in the same (SLICE) site.
Related violations: <none>

PDRC-190#22 Warning
Suboptimally placed synchronized register chain  
The FDRE cell pci_dma_engine_inst/nolabel_line432/U0/inst_fifo_gen/gconvfifo.rf/grf.rf/rstblk/grstd1.grst_full.grst_f.rst_d2_reg in site SLICE_X63Y172 is part of a synchronized register chain that is suboptimally placed as the load FDSE cell pci_dma_engine_inst/nolabel_line432/U0/inst_fifo_gen/gconvfifo.rf/grf.rf/rstblk/grstd1.grst_full.grst_f.rst_d3_reg is not placed in the same (SLICE) site.
Related violations: <none>

PDRC-190#23 Warning
Suboptimally placed synchronized register chain  
The FDRE cell pci_dma_engine_inst/xpm_cdc_sync_rst_inst/syncstages_ff_reg[3] in site SLICE_X64Y168 is part of a synchronized register chain that is suboptimally placed as the load FDRE cell pci_dma_engine_inst/nolabel_line432/U0/inst_fifo_gen/gconvfifo.rf/grf.rf/rstblk/ngwrdrst.grst.g7serrst.gsckt_wrst.gic_rst.xpm_cdc_sync_rst_inst_wrst/syncstages_ff_reg[0] is not placed in the same (SLICE) site.
Related violations: <none>

PDRC-190#24 Warning
Suboptimally placed synchronized register chain  
The FDRE cell pci_dma_engine_inst/xpm_cdc_sync_rst_inst/syncstages_ff_reg[3] in site SLICE_X64Y168 is part of a synchronized register chain that is suboptimally placed as the load FDRE cell pci_dma_engine_inst/nolabel_line432/U0/inst_fifo_gen/gconvfifo.rf/grf.rf/rstblk/ngwrdrst.grst.g7serrst.gsckt_wrst.xpm_cdc_sync_rst_inst_wrst/syncstages_ff_reg[0] is not placed in the same (SLICE) site.
Related violations: <none>

TIMING-9#1 Warning
Unknown CDC Logic  
One or more asynchronous Clock Domain Crossing has been detected between 2 clock domains through a set_false_path or a set_clock_groups or set_max_delay -datapath_only constraint but no double-registers logic synchronizer has been found on the side of the capture clock. It is recommended to run report_cdc for a complete and detailed CDC coverage. Please consider using XPM_CDC to avoid Critical severities
Related violations: <none>

TIMING-18#1 Warning
Missing input or output delay  
An input delay is missing on mii_rx_dv relative to clock(s) mii_rx_clk
Related violations: <none>

TIMING-18#2 Warning
Missing input or output delay  
An input delay is missing on mii_rx_er relative to clock(s) mii_rx_clk
Related violations: <none>

TIMING-18#3 Warning
Missing input or output delay  
An input delay is missing on mii_rxd[0] relative to clock(s) mii_rx_clk
Related violations: <none>

TIMING-18#4 Warning
Missing input or output delay  
An input delay is missing on mii_rxd[1] relative to clock(s) mii_rx_clk
Related violations: <none>

TIMING-18#5 Warning
Missing input or output delay  
An input delay is missing on mii_rxd[2] relative to clock(s) mii_rx_clk
Related violations: <none>

TIMING-18#6 Warning
Missing input or output delay  
An input delay is missing on mii_rxd[3] relative to clock(s) mii_rx_clk
Related violations: <none>

TIMING-18#7 Warning
Missing input or output delay  
An input delay is missing on sys_rst relative to clock(s) sys_clk_p
Related violations: <none>

TIMING-18#8 Warning
Missing input or output delay  
An output delay is missing on ddr3_reset_n relative to clock(s) sys_clk_p
Related violations: <none>

TIMING-18#9 Warning
Missing input or output delay  
An output delay is missing on mii_tx_en relative to clock(s) mii_tx_clk
Related violations: <none>

TIMING-18#10 Warning
Missing input or output delay  
An output delay is missing on mii_txd[0] relative to clock(s) mii_tx_clk
Related violations: <none>

TIMING-18#11 Warning
Missing input or output delay  
An output delay is missing on mii_txd[1] relative to clock(s) mii_tx_clk
Related violations: <none>

TIMING-18#12 Warning
Missing input or output delay  
An output delay is missing on mii_txd[2] relative to clock(s) mii_tx_clk
Related violations: <none>

TIMING-18#13 Warning
Missing input or output delay  
An output delay is missing on mii_txd[3] relative to clock(s) mii_tx_clk
Related violations: <none>

TIMING-18#14 Warning
Missing input or output delay  
An output delay is missing on rx_sync relative to clock(s) rx_div_clk
Related violations: <none>

TIMING-18#15 Warning
Missing input or output delay  
An output delay is missing on rx_sysref relative to clock(s) rx_div_clk
Related violations: <none>

TIMING-18#16 Warning
Missing input or output delay  
An output delay is missing on user_sma_clk_n relative to clock(s) rx_div_clk
Related violations: <none>

TIMING-18#17 Warning
Missing input or output delay  
An output delay is missing on user_sma_gpio_n relative to clock(s) rx_div_clk
Related violations: <none>

TIMING-20#1 Warning
Non-clocked latch  
The latch pci_dma_engine_inst/n_state_reg[0] cannot be properly analyzed as its control pin pci_dma_engine_inst/n_state_reg[0]/G is not reached by a timing clock
Related violations: <none>

TIMING-25#1 Warning
Invalid clock waveform on gigabit transceiver (GT)  
The waveform of the user clock rx_div_clk defined on the transceiver output pin i_system_wrapper/system_i/util_fmcjesdadc1_xcvr/inst/i_xch_0/i_gtxe2_channel/RXOUTCLK or on the net connected to that pin is not consistent with the transceiver settings. The auto-derived clock period is 4.000 and the user-defined clock period is 6.400. The expected clock waveform is computed based on the GT settings and the incoming clock to the transceiver. It is recommended to check that there are no missing clocks to the GT and that all the transceiver settings are correct
Related violations: <none>

XDCB-5#1 Warning
Runtime inefficient way to find pin objects  
The option '-through : [get_pins -hierarchical -filter NAME=~*/CFGMSGRECEIVEDPMETO]' of constraint 'set_false_path' uses inefficient query to find pin objects (see constraint position '169' in the Timing Constraint window in Vivado IDE). To reduce runtime, it is recommended to get the pins through the cell objects. Please refer to Using Constraints Guide (Constraints Efficiency). An example of optimal query is: get_pins -filter {REF_PIN_NAME=~yy*} -of_objects [get_cells -hierarchical xx*].
Current XDC: /home/francisco/kc705_changes/esther-trigger-hdl/src/ip/source/pcie_7x_0-PCIE_X0Y0.xdc (Line: 127)
Related violations: <none>

XDCB-5#2 Warning
Runtime inefficient way to find pin objects  
The option '-through : [get_pins -hierarchical -filter NAME=~*/CPLLLOCK]' of constraint 'set_false_path' uses inefficient query to find pin objects (see constraint position '170' in the Timing Constraint window in Vivado IDE). To reduce runtime, it is recommended to get the pins through the cell objects. Please refer to Using Constraints Guide (Constraints Efficiency). An example of optimal query is: get_pins -filter {REF_PIN_NAME=~yy*} -of_objects [get_cells -hierarchical xx*].
Current XDC: /home/francisco/kc705_changes/esther-trigger-hdl/src/ip/source/pcie_7x_0-PCIE_X0Y0.xdc (Line: 128)
Related violations: <none>

XDCB-5#3 Warning
Runtime inefficient way to find pin objects  
The option '-through : [get_pins -hierarchical -filter NAME=~*/QPLLLOCK]' of constraint 'set_false_path' uses inefficient query to find pin objects (see constraint position '171' in the Timing Constraint window in Vivado IDE). To reduce runtime, it is recommended to get the pins through the cell objects. Please refer to Using Constraints Guide (Constraints Efficiency). An example of optimal query is: get_pins -filter {REF_PIN_NAME=~yy*} -of_objects [get_cells -hierarchical xx*].
Current XDC: /home/francisco/kc705_changes/esther-trigger-hdl/src/ip/source/pcie_7x_0-PCIE_X0Y0.xdc (Line: 129)
Related violations: <none>

XDCB-5#4 Warning
Runtime inefficient way to find pin objects  
The option '-through : [get_pins -hierarchical -filter NAME=~*/RXCDRLOCK]' of constraint 'set_false_path' uses inefficient query to find pin objects (see constraint position '168' in the Timing Constraint window in Vivado IDE). To reduce runtime, it is recommended to get the pins through the cell objects. Please refer to Using Constraints Guide (Constraints Efficiency). An example of optimal query is: get_pins -filter {REF_PIN_NAME=~yy*} -of_objects [get_cells -hierarchical xx*].
Current XDC: /home/francisco/kc705_changes/esther-trigger-hdl/src/ip/source/pcie_7x_0-PCIE_X0Y0.xdc (Line: 126)
Related violations: <none>

XDCB-5#5 Warning
Runtime inefficient way to find pin objects  
The option '-through : [get_pins -hierarchical -filter NAME=~*/RXDLYSRESETDONE]' of constraint 'set_false_path' uses inefficient query to find pin objects (see constraint position '166' in the Timing Constraint window in Vivado IDE). To reduce runtime, it is recommended to get the pins through the cell objects. Please refer to Using Constraints Guide (Constraints Efficiency). An example of optimal query is: get_pins -filter {REF_PIN_NAME=~yy*} -of_objects [get_cells -hierarchical xx*].
Current XDC: /home/francisco/kc705_changes/esther-trigger-hdl/src/ip/source/pcie_7x_0-PCIE_X0Y0.xdc (Line: 124)
Related violations: <none>

XDCB-5#6 Warning
Runtime inefficient way to find pin objects  
The option '-through : [get_pins -hierarchical -filter NAME=~*/RXELECIDLE]' of constraint 'set_false_path' uses inefficient query to find pin objects (see constraint position '162' in the Timing Constraint window in Vivado IDE). To reduce runtime, it is recommended to get the pins through the cell objects. Please refer to Using Constraints Guide (Constraints Efficiency). An example of optimal query is: get_pins -filter {REF_PIN_NAME=~yy*} -of_objects [get_cells -hierarchical xx*].
Current XDC: /home/francisco/kc705_changes/esther-trigger-hdl/src/ip/source/pcie_7x_0-PCIE_X0Y0.xdc (Line: 120)
Related violations: <none>

XDCB-5#7 Warning
Runtime inefficient way to find pin objects  
The option '-through : [get_pins -hierarchical -filter NAME=~*/RXPHALIGNDONE]' of constraint 'set_false_path' uses inefficient query to find pin objects (see constraint position '167' in the Timing Constraint window in Vivado IDE). To reduce runtime, it is recommended to get the pins through the cell objects. Please refer to Using Constraints Guide (Constraints Efficiency). An example of optimal query is: get_pins -filter {REF_PIN_NAME=~yy*} -of_objects [get_cells -hierarchical xx*].
Current XDC: /home/francisco/kc705_changes/esther-trigger-hdl/src/ip/source/pcie_7x_0-PCIE_X0Y0.xdc (Line: 125)
Related violations: <none>

XDCB-5#8 Warning
Runtime inefficient way to find pin objects  
The option '-through : [get_pins -hierarchical -filter NAME=~*/TXDLYSRESETDONE]' of constraint 'set_false_path' uses inefficient query to find pin objects (see constraint position '165' in the Timing Constraint window in Vivado IDE). To reduce runtime, it is recommended to get the pins through the cell objects. Please refer to Using Constraints Guide (Constraints Efficiency). An example of optimal query is: get_pins -filter {REF_PIN_NAME=~yy*} -of_objects [get_cells -hierarchical xx*].
Current XDC: /home/francisco/kc705_changes/esther-trigger-hdl/src/ip/source/pcie_7x_0-PCIE_X0Y0.xdc (Line: 123)
Related violations: <none>

XDCB-5#9 Warning
Runtime inefficient way to find pin objects  
The option '-through : [get_pins -hierarchical -filter NAME=~*/TXPHALIGNDONE]' of constraint 'set_false_path' uses inefficient query to find pin objects (see constraint position '164' in the Timing Constraint window in Vivado IDE). To reduce runtime, it is recommended to get the pins through the cell objects. Please refer to Using Constraints Guide (Constraints Efficiency). An example of optimal query is: get_pins -filter {REF_PIN_NAME=~yy*} -of_objects [get_cells -hierarchical xx*].
Current XDC: /home/francisco/kc705_changes/esther-trigger-hdl/src/ip/source/pcie_7x_0-PCIE_X0Y0.xdc (Line: 122)
Related violations: <none>

XDCB-5#10 Warning
Runtime inefficient way to find pin objects  
The option '-through : [get_pins -hierarchical -filter NAME=~*/TXPHINITDONE]' of constraint 'set_false_path' uses inefficient query to find pin objects (see constraint position '163' in the Timing Constraint window in Vivado IDE). To reduce runtime, it is recommended to get the pins through the cell objects. Please refer to Using Constraints Guide (Constraints Efficiency). An example of optimal query is: get_pins -filter {REF_PIN_NAME=~yy*} -of_objects [get_cells -hierarchical xx*].
Current XDC: /home/francisco/kc705_changes/esther-trigger-hdl/src/ip/source/pcie_7x_0-PCIE_X0Y0.xdc (Line: 121)
Related violations: <none>

XDCB-5#11 Warning
Runtime inefficient way to find pin objects  
The option '-to : [get_pins -hier -include_replicated_objects -filter {NAME =~ *temp_mon_enabled.u_tempmon/device_temp_sync_r1_reg[*]/D}]' of constraint 'set_max_delay' uses inefficient query to find pin objects (see constraint position '22' in the Timing Constraint window in Vivado IDE). To reduce runtime, it is recommended to get the pins through the cell objects. Please refer to Using Constraints Guide (Constraints Efficiency). An example of optimal query is: get_pins -filter {REF_PIN_NAME=~yy*} -of_objects [get_cells -hierarchical xx*].
Current XDC: /home/francisco/kc705_changes/fmcjesdadc1_kc705.srcs/sources_1/bd/system/ip/system_axi_ddr_cntrl_0/system_axi_ddr_cntrl_0/user_design/constraints/system_axi_ddr_cntrl_0.xdc (Line: 819)
Related violations: <none>

XDCB-5#12 Warning
Runtime inefficient way to find pin objects  
The option '-to : [get_pins -quiet -hier *reset_sync_in_reg*/PRE -filter {NAME =~ *i_reset_manager*}]' of constraint 'set_false_path' uses inefficient query to find pin objects (see constraint position '215' in the Timing Constraint window in Vivado IDE). To reduce runtime, it is recommended to get the pins through the cell objects. Please refer to Using Constraints Guide (Constraints Efficiency). An example of optimal query is: get_pins -filter {REF_PIN_NAME=~yy*} -of_objects [get_cells -hierarchical xx*].
Current XDC: /home/francisco/kc705_changes/fmcjesdadc1_kc705.srcs/sources_1/bd/system/ip/system_axi_ad9250_0_dma_0/system_axi_ad9250_0_dma_0_constr.xdc (Line: 192)
Related violations: <none>

XDCB-5#13 Warning
Runtime inefficient way to find pin objects  
The option '-to : [get_pins -quiet -hier *reset_sync_in_reg*/PRE -filter {NAME =~ *i_reset_manager*}]' of constraint 'set_false_path' uses inefficient query to find pin objects (see constraint position '216' in the Timing Constraint window in Vivado IDE). To reduce runtime, it is recommended to get the pins through the cell objects. Please refer to Using Constraints Guide (Constraints Efficiency). An example of optimal query is: get_pins -filter {REF_PIN_NAME=~yy*} -of_objects [get_cells -hierarchical xx*].
Current XDC: /home/francisco/kc705_changes/fmcjesdadc1_kc705.srcs/sources_1/bd/system/ip/system_axi_ad9250_0_dma_0/system_axi_ad9250_0_dma_0_constr.xdc (Line: 198)
Related violations: <none>

XDCB-5#14 Warning
Runtime inefficient way to find pin objects  
The option '-to : [get_pins -quiet -hier *reset_sync_in_reg*/PRE -filter {NAME =~ *i_reset_manager*}]' of constraint 'set_false_path' uses inefficient query to find pin objects (see constraint position '247' in the Timing Constraint window in Vivado IDE). To reduce runtime, it is recommended to get the pins through the cell objects. Please refer to Using Constraints Guide (Constraints Efficiency). An example of optimal query is: get_pins -filter {REF_PIN_NAME=~yy*} -of_objects [get_cells -hierarchical xx*].
Current XDC: /home/francisco/kc705_changes/fmcjesdadc1_kc705.srcs/sources_1/bd/system/ip/system_axi_ad9250_1_dma_0/system_axi_ad9250_1_dma_0_constr.xdc (Line: 192)
Related violations: <none>

XDCB-5#15 Warning
Runtime inefficient way to find pin objects  
The option '-to : [get_pins -quiet -hier *reset_sync_in_reg*/PRE -filter {NAME =~ *i_reset_manager*}]' of constraint 'set_false_path' uses inefficient query to find pin objects (see constraint position '248' in the Timing Constraint window in Vivado IDE). To reduce runtime, it is recommended to get the pins through the cell objects. Please refer to Using Constraints Guide (Constraints Efficiency). An example of optimal query is: get_pins -filter {REF_PIN_NAME=~yy*} -of_objects [get_cells -hierarchical xx*].
Current XDC: /home/francisco/kc705_changes/fmcjesdadc1_kc705.srcs/sources_1/bd/system/ip/system_axi_ad9250_1_dma_0/system_axi_ad9250_1_dma_0_constr.xdc (Line: 198)
Related violations: <none>

REQP-1959#1 Advisory
connects_SERDES_RST_driver_not_FF  
i_system_wrapper/system_i/axi_ddr_cntrl/u_system_axi_ddr_cntrl_0_mig/u_memc_ui_top_axi/mem_intfc0/ddr_phy_top0/u_ddr_mc_phy_wrapper/u_ddr_mc_phy/ddr_phy_4lanes_0.u_ddr_phy_4lanes/ddr_byte_lane_A.ddr_byte_lane_A/ddr_byte_group_io/input_[0].iserdes_dq_.iserdesdq: The RST pin should only be driven by a Flip-flop.
Related violations: <none>

REQP-1959#2 Advisory
connects_SERDES_RST_driver_not_FF  
i_system_wrapper/system_i/axi_ddr_cntrl/u_system_axi_ddr_cntrl_0_mig/u_memc_ui_top_axi/mem_intfc0/ddr_phy_top0/u_ddr_mc_phy_wrapper/u_ddr_mc_phy/ddr_phy_4lanes_0.u_ddr_phy_4lanes/ddr_byte_lane_A.ddr_byte_lane_A/ddr_byte_group_io/input_[2].iserdes_dq_.iserdesdq: The RST pin should only be driven by a Flip-flop.
Related violations: <none>

REQP-1959#3 Advisory
connects_SERDES_RST_driver_not_FF  
i_system_wrapper/system_i/axi_ddr_cntrl/u_system_axi_ddr_cntrl_0_mig/u_memc_ui_top_axi/mem_intfc0/ddr_phy_top0/u_ddr_mc_phy_wrapper/u_ddr_mc_phy/ddr_phy_4lanes_0.u_ddr_phy_4lanes/ddr_byte_lane_A.ddr_byte_lane_A/ddr_byte_group_io/input_[3].iserdes_dq_.iserdesdq: The RST pin should only be driven by a Flip-flop.
Related violations: <none>

REQP-1959#4 Advisory
connects_SERDES_RST_driver_not_FF  
i_system_wrapper/system_i/axi_ddr_cntrl/u_system_axi_ddr_cntrl_0_mig/u_memc_ui_top_axi/mem_intfc0/ddr_phy_top0/u_ddr_mc_phy_wrapper/u_ddr_mc_phy/ddr_phy_4lanes_0.u_ddr_phy_4lanes/ddr_byte_lane_A.ddr_byte_lane_A/ddr_byte_group_io/input_[4].iserdes_dq_.iserdesdq: The RST pin should only be driven by a Flip-flop.
Related violations: <none>

REQP-1959#5 Advisory
connects_SERDES_RST_driver_not_FF  
i_system_wrapper/system_i/axi_ddr_cntrl/u_system_axi_ddr_cntrl_0_mig/u_memc_ui_top_axi/mem_intfc0/ddr_phy_top0/u_ddr_mc_phy_wrapper/u_ddr_mc_phy/ddr_phy_4lanes_0.u_ddr_phy_4lanes/ddr_byte_lane_A.ddr_byte_lane_A/ddr_byte_group_io/input_[5].iserdes_dq_.iserdesdq: The RST pin should only be driven by a Flip-flop.
Related violations: <none>

REQP-1959#6 Advisory
connects_SERDES_RST_driver_not_FF  
i_system_wrapper/system_i/axi_ddr_cntrl/u_system_axi_ddr_cntrl_0_mig/u_memc_ui_top_axi/mem_intfc0/ddr_phy_top0/u_ddr_mc_phy_wrapper/u_ddr_mc_phy/ddr_phy_4lanes_0.u_ddr_phy_4lanes/ddr_byte_lane_A.ddr_byte_lane_A/ddr_byte_group_io/input_[6].iserdes_dq_.iserdesdq: The RST pin should only be driven by a Flip-flop.
Related violations: <none>

REQP-1959#7 Advisory
connects_SERDES_RST_driver_not_FF  
i_system_wrapper/system_i/axi_ddr_cntrl/u_system_axi_ddr_cntrl_0_mig/u_memc_ui_top_axi/mem_intfc0/ddr_phy_top0/u_ddr_mc_phy_wrapper/u_ddr_mc_phy/ddr_phy_4lanes_0.u_ddr_phy_4lanes/ddr_byte_lane_A.ddr_byte_lane_A/ddr_byte_group_io/input_[7].iserdes_dq_.iserdesdq: The RST pin should only be driven by a Flip-flop.
Related violations: <none>

REQP-1959#8 Advisory
connects_SERDES_RST_driver_not_FF  
i_system_wrapper/system_i/axi_ddr_cntrl/u_system_axi_ddr_cntrl_0_mig/u_memc_ui_top_axi/mem_intfc0/ddr_phy_top0/u_ddr_mc_phy_wrapper/u_ddr_mc_phy/ddr_phy_4lanes_0.u_ddr_phy_4lanes/ddr_byte_lane_A.ddr_byte_lane_A/ddr_byte_group_io/input_[9].iserdes_dq_.iserdesdq: The RST pin should only be driven by a Flip-flop.
Related violations: <none>

REQP-1959#9 Advisory
connects_SERDES_RST_driver_not_FF  
i_system_wrapper/system_i/axi_ddr_cntrl/u_system_axi_ddr_cntrl_0_mig/u_memc_ui_top_axi/mem_intfc0/ddr_phy_top0/u_ddr_mc_phy_wrapper/u_ddr_mc_phy/ddr_phy_4lanes_0.u_ddr_phy_4lanes/ddr_byte_lane_B.ddr_byte_lane_B/ddr_byte_group_io/input_[2].iserdes_dq_.iserdesdq: The RST pin should only be driven by a Flip-flop.
Related violations: <none>

REQP-1959#10 Advisory
connects_SERDES_RST_driver_not_FF  
i_system_wrapper/system_i/axi_ddr_cntrl/u_system_axi_ddr_cntrl_0_mig/u_memc_ui_top_axi/mem_intfc0/ddr_phy_top0/u_ddr_mc_phy_wrapper/u_ddr_mc_phy/ddr_phy_4lanes_0.u_ddr_phy_4lanes/ddr_byte_lane_B.ddr_byte_lane_B/ddr_byte_group_io/input_[3].iserdes_dq_.iserdesdq: The RST pin should only be driven by a Flip-flop.
Related violations: <none>

REQP-1959#11 Advisory
connects_SERDES_RST_driver_not_FF  
i_system_wrapper/system_i/axi_ddr_cntrl/u_system_axi_ddr_cntrl_0_mig/u_memc_ui_top_axi/mem_intfc0/ddr_phy_top0/u_ddr_mc_phy_wrapper/u_ddr_mc_phy/ddr_phy_4lanes_0.u_ddr_phy_4lanes/ddr_byte_lane_B.ddr_byte_lane_B/ddr_byte_group_io/input_[4].iserdes_dq_.iserdesdq: The RST pin should only be driven by a Flip-flop.
Related violations: <none>

REQP-1959#12 Advisory
connects_SERDES_RST_driver_not_FF  
i_system_wrapper/system_i/axi_ddr_cntrl/u_system_axi_ddr_cntrl_0_mig/u_memc_ui_top_axi/mem_intfc0/ddr_phy_top0/u_ddr_mc_phy_wrapper/u_ddr_mc_phy/ddr_phy_4lanes_0.u_ddr_phy_4lanes/ddr_byte_lane_B.ddr_byte_lane_B/ddr_byte_group_io/input_[5].iserdes_dq_.iserdesdq: The RST pin should only be driven by a Flip-flop.
Related violations: <none>

REQP-1959#13 Advisory
connects_SERDES_RST_driver_not_FF  
i_system_wrapper/system_i/axi_ddr_cntrl/u_system_axi_ddr_cntrl_0_mig/u_memc_ui_top_axi/mem_intfc0/ddr_phy_top0/u_ddr_mc_phy_wrapper/u_ddr_mc_phy/ddr_phy_4lanes_0.u_ddr_phy_4lanes/ddr_byte_lane_B.ddr_byte_lane_B/ddr_byte_group_io/input_[6].iserdes_dq_.iserdesdq: The RST pin should only be driven by a Flip-flop.
Related violations: <none>

REQP-1959#14 Advisory
connects_SERDES_RST_driver_not_FF  
i_system_wrapper/system_i/axi_ddr_cntrl/u_system_axi_ddr_cntrl_0_mig/u_memc_ui_top_axi/mem_intfc0/ddr_phy_top0/u_ddr_mc_phy_wrapper/u_ddr_mc_phy/ddr_phy_4lanes_0.u_ddr_phy_4lanes/ddr_byte_lane_B.ddr_byte_lane_B/ddr_byte_group_io/input_[7].iserdes_dq_.iserdesdq: The RST pin should only be driven by a Flip-flop.
Related violations: <none>

REQP-1959#15 Advisory
connects_SERDES_RST_driver_not_FF  
i_system_wrapper/system_i/axi_ddr_cntrl/u_system_axi_ddr_cntrl_0_mig/u_memc_ui_top_axi/mem_intfc0/ddr_phy_top0/u_ddr_mc_phy_wrapper/u_ddr_mc_phy/ddr_phy_4lanes_0.u_ddr_phy_4lanes/ddr_byte_lane_B.ddr_byte_lane_B/ddr_byte_group_io/input_[8].iserdes_dq_.iserdesdq: The RST pin should only be driven by a Flip-flop.
Related violations: <none>

REQP-1959#16 Advisory
connects_SERDES_RST_driver_not_FF  
i_system_wrapper/system_i/axi_ddr_cntrl/u_system_axi_ddr_cntrl_0_mig/u_memc_ui_top_axi/mem_intfc0/ddr_phy_top0/u_ddr_mc_phy_wrapper/u_ddr_mc_phy/ddr_phy_4lanes_0.u_ddr_phy_4lanes/ddr_byte_lane_B.ddr_byte_lane_B/ddr_byte_group_io/input_[9].iserdes_dq_.iserdesdq: The RST pin should only be driven by a Flip-flop.
Related violations: <none>

REQP-1959#17 Advisory
connects_SERDES_RST_driver_not_FF  
i_system_wrapper/system_i/axi_ddr_cntrl/u_system_axi_ddr_cntrl_0_mig/u_memc_ui_top_axi/mem_intfc0/ddr_phy_top0/u_ddr_mc_phy_wrapper/u_ddr_mc_phy/ddr_phy_4lanes_0.u_ddr_phy_4lanes/ddr_byte_lane_C.ddr_byte_lane_C/ddr_byte_group_io/input_[2].iserdes_dq_.iserdesdq: The RST pin should only be driven by a Flip-flop.
Related violations: <none>

REQP-1959#18 Advisory
connects_SERDES_RST_driver_not_FF  
i_system_wrapper/system_i/axi_ddr_cntrl/u_system_axi_ddr_cntrl_0_mig/u_memc_ui_top_axi/mem_intfc0/ddr_phy_top0/u_ddr_mc_phy_wrapper/u_ddr_mc_phy/ddr_phy_4lanes_0.u_ddr_phy_4lanes/ddr_byte_lane_C.ddr_byte_lane_C/ddr_byte_group_io/input_[3].iserdes_dq_.iserdesdq: The RST pin should only be driven by a Flip-flop.
Related violations: <none>

REQP-1959#19 Advisory
connects_SERDES_RST_driver_not_FF  
i_system_wrapper/system_i/axi_ddr_cntrl/u_system_axi_ddr_cntrl_0_mig/u_memc_ui_top_axi/mem_intfc0/ddr_phy_top0/u_ddr_mc_phy_wrapper/u_ddr_mc_phy/ddr_phy_4lanes_0.u_ddr_phy_4lanes/ddr_byte_lane_C.ddr_byte_lane_C/ddr_byte_group_io/input_[4].iserdes_dq_.iserdesdq: The RST pin should only be driven by a Flip-flop.
Related violations: <none>

REQP-1959#20 Advisory
connects_SERDES_RST_driver_not_FF  
i_system_wrapper/system_i/axi_ddr_cntrl/u_system_axi_ddr_cntrl_0_mig/u_memc_ui_top_axi/mem_intfc0/ddr_phy_top0/u_ddr_mc_phy_wrapper/u_ddr_mc_phy/ddr_phy_4lanes_0.u_ddr_phy_4lanes/ddr_byte_lane_C.ddr_byte_lane_C/ddr_byte_group_io/input_[5].iserdes_dq_.iserdesdq: The RST pin should only be driven by a Flip-flop.
Related violations: <none>

REQP-1959#21 Advisory
connects_SERDES_RST_driver_not_FF  
i_system_wrapper/system_i/axi_ddr_cntrl/u_system_axi_ddr_cntrl_0_mig/u_memc_ui_top_axi/mem_intfc0/ddr_phy_top0/u_ddr_mc_phy_wrapper/u_ddr_mc_phy/ddr_phy_4lanes_0.u_ddr_phy_4lanes/ddr_byte_lane_C.ddr_byte_lane_C/ddr_byte_group_io/input_[6].iserdes_dq_.iserdesdq: The RST pin should only be driven by a Flip-flop.
Related violations: <none>

REQP-1959#22 Advisory
connects_SERDES_RST_driver_not_FF  
i_system_wrapper/system_i/axi_ddr_cntrl/u_system_axi_ddr_cntrl_0_mig/u_memc_ui_top_axi/mem_intfc0/ddr_phy_top0/u_ddr_mc_phy_wrapper/u_ddr_mc_phy/ddr_phy_4lanes_0.u_ddr_phy_4lanes/ddr_byte_lane_C.ddr_byte_lane_C/ddr_byte_group_io/input_[7].iserdes_dq_.iserdesdq: The RST pin should only be driven by a Flip-flop.
Related violations: <none>

REQP-1959#23 Advisory
connects_SERDES_RST_driver_not_FF  
i_system_wrapper/system_i/axi_ddr_cntrl/u_system_axi_ddr_cntrl_0_mig/u_memc_ui_top_axi/mem_intfc0/ddr_phy_top0/u_ddr_mc_phy_wrapper/u_ddr_mc_phy/ddr_phy_4lanes_0.u_ddr_phy_4lanes/ddr_byte_lane_C.ddr_byte_lane_C/ddr_byte_group_io/input_[8].iserdes_dq_.iserdesdq: The RST pin should only be driven by a Flip-flop.
Related violations: <none>

REQP-1959#24 Advisory
connects_SERDES_RST_driver_not_FF  
i_system_wrapper/system_i/axi_ddr_cntrl/u_system_axi_ddr_cntrl_0_mig/u_memc_ui_top_axi/mem_intfc0/ddr_phy_top0/u_ddr_mc_phy_wrapper/u_ddr_mc_phy/ddr_phy_4lanes_0.u_ddr_phy_4lanes/ddr_byte_lane_C.ddr_byte_lane_C/ddr_byte_group_io/input_[9].iserdes_dq_.iserdesdq: The RST pin should only be driven by a Flip-flop.
Related violations: <none>

REQP-1959#25 Advisory
connects_SERDES_RST_driver_not_FF  
i_system_wrapper/system_i/axi_ddr_cntrl/u_system_axi_ddr_cntrl_0_mig/u_memc_ui_top_axi/mem_intfc0/ddr_phy_top0/u_ddr_mc_phy_wrapper/u_ddr_mc_phy/ddr_phy_4lanes_0.u_ddr_phy_4lanes/ddr_byte_lane_D.ddr_byte_lane_D/ddr_byte_group_io/input_[2].iserdes_dq_.iserdesdq: The RST pin should only be driven by a Flip-flop.
Related violations: <none>

REQP-1959#26 Advisory
connects_SERDES_RST_driver_not_FF  
i_system_wrapper/system_i/axi_ddr_cntrl/u_system_axi_ddr_cntrl_0_mig/u_memc_ui_top_axi/mem_intfc0/ddr_phy_top0/u_ddr_mc_phy_wrapper/u_ddr_mc_phy/ddr_phy_4lanes_0.u_ddr_phy_4lanes/ddr_byte_lane_D.ddr_byte_lane_D/ddr_byte_group_io/input_[3].iserdes_dq_.iserdesdq: The RST pin should only be driven by a Flip-flop.
Related violations: <none>

REQP-1959#27 Advisory
connects_SERDES_RST_driver_not_FF  
i_system_wrapper/system_i/axi_ddr_cntrl/u_system_axi_ddr_cntrl_0_mig/u_memc_ui_top_axi/mem_intfc0/ddr_phy_top0/u_ddr_mc_phy_wrapper/u_ddr_mc_phy/ddr_phy_4lanes_0.u_ddr_phy_4lanes/ddr_byte_lane_D.ddr_byte_lane_D/ddr_byte_group_io/input_[4].iserdes_dq_.iserdesdq: The RST pin should only be driven by a Flip-flop.
Related violations: <none>

REQP-1959#28 Advisory
connects_SERDES_RST_driver_not_FF  
i_system_wrapper/system_i/axi_ddr_cntrl/u_system_axi_ddr_cntrl_0_mig/u_memc_ui_top_axi/mem_intfc0/ddr_phy_top0/u_ddr_mc_phy_wrapper/u_ddr_mc_phy/ddr_phy_4lanes_0.u_ddr_phy_4lanes/ddr_byte_lane_D.ddr_byte_lane_D/ddr_byte_group_io/input_[5].iserdes_dq_.iserdesdq: The RST pin should only be driven by a Flip-flop.
Related violations: <none>

REQP-1959#29 Advisory
connects_SERDES_RST_driver_not_FF  
i_system_wrapper/system_i/axi_ddr_cntrl/u_system_axi_ddr_cntrl_0_mig/u_memc_ui_top_axi/mem_intfc0/ddr_phy_top0/u_ddr_mc_phy_wrapper/u_ddr_mc_phy/ddr_phy_4lanes_0.u_ddr_phy_4lanes/ddr_byte_lane_D.ddr_byte_lane_D/ddr_byte_group_io/input_[6].iserdes_dq_.iserdesdq: The RST pin should only be driven by a Flip-flop.
Related violations: <none>

REQP-1959#30 Advisory
connects_SERDES_RST_driver_not_FF  
i_system_wrapper/system_i/axi_ddr_cntrl/u_system_axi_ddr_cntrl_0_mig/u_memc_ui_top_axi/mem_intfc0/ddr_phy_top0/u_ddr_mc_phy_wrapper/u_ddr_mc_phy/ddr_phy_4lanes_0.u_ddr_phy_4lanes/ddr_byte_lane_D.ddr_byte_lane_D/ddr_byte_group_io/input_[7].iserdes_dq_.iserdesdq: The RST pin should only be driven by a Flip-flop.
Related violations: <none>

REQP-1959#31 Advisory
connects_SERDES_RST_driver_not_FF  
i_system_wrapper/system_i/axi_ddr_cntrl/u_system_axi_ddr_cntrl_0_mig/u_memc_ui_top_axi/mem_intfc0/ddr_phy_top0/u_ddr_mc_phy_wrapper/u_ddr_mc_phy/ddr_phy_4lanes_0.u_ddr_phy_4lanes/ddr_byte_lane_D.ddr_byte_lane_D/ddr_byte_group_io/input_[8].iserdes_dq_.iserdesdq: The RST pin should only be driven by a Flip-flop.
Related violations: <none>

REQP-1959#32 Advisory
connects_SERDES_RST_driver_not_FF  
i_system_wrapper/system_i/axi_ddr_cntrl/u_system_axi_ddr_cntrl_0_mig/u_memc_ui_top_axi/mem_intfc0/ddr_phy_top0/u_ddr_mc_phy_wrapper/u_ddr_mc_phy/ddr_phy_4lanes_0.u_ddr_phy_4lanes/ddr_byte_lane_D.ddr_byte_lane_D/ddr_byte_group_io/input_[9].iserdes_dq_.iserdesdq: The RST pin should only be driven by a Flip-flop.
Related violations: <none>

REQP-1959#33 Advisory
connects_SERDES_RST_driver_not_FF  
i_system_wrapper/system_i/axi_ddr_cntrl/u_system_axi_ddr_cntrl_0_mig/u_memc_ui_top_axi/mem_intfc0/ddr_phy_top0/u_ddr_mc_phy_wrapper/u_ddr_mc_phy/ddr_phy_4lanes_2.u_ddr_phy_4lanes/ddr_byte_lane_A.ddr_byte_lane_A/ddr_byte_group_io/input_[0].iserdes_dq_.iserdesdq: The RST pin should only be driven by a Flip-flop.
Related violations: <none>

REQP-1959#34 Advisory
connects_SERDES_RST_driver_not_FF  
i_system_wrapper/system_i/axi_ddr_cntrl/u_system_axi_ddr_cntrl_0_mig/u_memc_ui_top_axi/mem_intfc0/ddr_phy_top0/u_ddr_mc_phy_wrapper/u_ddr_mc_phy/ddr_phy_4lanes_2.u_ddr_phy_4lanes/ddr_byte_lane_A.ddr_byte_lane_A/ddr_byte_group_io/input_[2].iserdes_dq_.iserdesdq: The RST pin should only be driven by a Flip-flop.
Related violations: <none>

REQP-1959#35 Advisory
connects_SERDES_RST_driver_not_FF  
i_system_wrapper/system_i/axi_ddr_cntrl/u_system_axi_ddr_cntrl_0_mig/u_memc_ui_top_axi/mem_intfc0/ddr_phy_top0/u_ddr_mc_phy_wrapper/u_ddr_mc_phy/ddr_phy_4lanes_2.u_ddr_phy_4lanes/ddr_byte_lane_A.ddr_byte_lane_A/ddr_byte_group_io/input_[3].iserdes_dq_.iserdesdq: The RST pin should only be driven by a Flip-flop.
Related violations: <none>

REQP-1959#36 Advisory
connects_SERDES_RST_driver_not_FF  
i_system_wrapper/system_i/axi_ddr_cntrl/u_system_axi_ddr_cntrl_0_mig/u_memc_ui_top_axi/mem_intfc0/ddr_phy_top0/u_ddr_mc_phy_wrapper/u_ddr_mc_phy/ddr_phy_4lanes_2.u_ddr_phy_4lanes/ddr_byte_lane_A.ddr_byte_lane_A/ddr_byte_group_io/input_[4].iserdes_dq_.iserdesdq: The RST pin should only be driven by a Flip-flop.
Related violations: <none>

REQP-1959#37 Advisory
connects_SERDES_RST_driver_not_FF  
i_system_wrapper/system_i/axi_ddr_cntrl/u_system_axi_ddr_cntrl_0_mig/u_memc_ui_top_axi/mem_intfc0/ddr_phy_top0/u_ddr_mc_phy_wrapper/u_ddr_mc_phy/ddr_phy_4lanes_2.u_ddr_phy_4lanes/ddr_byte_lane_A.ddr_byte_lane_A/ddr_byte_group_io/input_[5].iserdes_dq_.iserdesdq: The RST pin should only be driven by a Flip-flop.
Related violations: <none>

REQP-1959#38 Advisory
connects_SERDES_RST_driver_not_FF  
i_system_wrapper/system_i/axi_ddr_cntrl/u_system_axi_ddr_cntrl_0_mig/u_memc_ui_top_axi/mem_intfc0/ddr_phy_top0/u_ddr_mc_phy_wrapper/u_ddr_mc_phy/ddr_phy_4lanes_2.u_ddr_phy_4lanes/ddr_byte_lane_A.ddr_byte_lane_A/ddr_byte_group_io/input_[6].iserdes_dq_.iserdesdq: The RST pin should only be driven by a Flip-flop.
Related violations: <none>

REQP-1959#39 Advisory
connects_SERDES_RST_driver_not_FF  
i_system_wrapper/system_i/axi_ddr_cntrl/u_system_axi_ddr_cntrl_0_mig/u_memc_ui_top_axi/mem_intfc0/ddr_phy_top0/u_ddr_mc_phy_wrapper/u_ddr_mc_phy/ddr_phy_4lanes_2.u_ddr_phy_4lanes/ddr_byte_lane_A.ddr_byte_lane_A/ddr_byte_group_io/input_[7].iserdes_dq_.iserdesdq: The RST pin should only be driven by a Flip-flop.
Related violations: <none>

REQP-1959#40 Advisory
connects_SERDES_RST_driver_not_FF  
i_system_wrapper/system_i/axi_ddr_cntrl/u_system_axi_ddr_cntrl_0_mig/u_memc_ui_top_axi/mem_intfc0/ddr_phy_top0/u_ddr_mc_phy_wrapper/u_ddr_mc_phy/ddr_phy_4lanes_2.u_ddr_phy_4lanes/ddr_byte_lane_A.ddr_byte_lane_A/ddr_byte_group_io/input_[9].iserdes_dq_.iserdesdq: The RST pin should only be driven by a Flip-flop.
Related violations: <none>

REQP-1959#41 Advisory
connects_SERDES_RST_driver_not_FF  
i_system_wrapper/system_i/axi_ddr_cntrl/u_system_axi_ddr_cntrl_0_mig/u_memc_ui_top_axi/mem_intfc0/ddr_phy_top0/u_ddr_mc_phy_wrapper/u_ddr_mc_phy/ddr_phy_4lanes_2.u_ddr_phy_4lanes/ddr_byte_lane_B.ddr_byte_lane_B/ddr_byte_group_io/input_[2].iserdes_dq_.iserdesdq: The RST pin should only be driven by a Flip-flop.
Related violations: <none>

REQP-1959#42 Advisory
connects_SERDES_RST_driver_not_FF  
i_system_wrapper/system_i/axi_ddr_cntrl/u_system_axi_ddr_cntrl_0_mig/u_memc_ui_top_axi/mem_intfc0/ddr_phy_top0/u_ddr_mc_phy_wrapper/u_ddr_mc_phy/ddr_phy_4lanes_2.u_ddr_phy_4lanes/ddr_byte_lane_B.ddr_byte_lane_B/ddr_byte_group_io/input_[3].iserdes_dq_.iserdesdq: The RST pin should only be driven by a Flip-flop.
Related violations: <none>

REQP-1959#43 Advisory
connects_SERDES_RST_driver_not_FF  
i_system_wrapper/system_i/axi_ddr_cntrl/u_system_axi_ddr_cntrl_0_mig/u_memc_ui_top_axi/mem_intfc0/ddr_phy_top0/u_ddr_mc_phy_wrapper/u_ddr_mc_phy/ddr_phy_4lanes_2.u_ddr_phy_4lanes/ddr_byte_lane_B.ddr_byte_lane_B/ddr_byte_group_io/input_[4].iserdes_dq_.iserdesdq: The RST pin should only be driven by a Flip-flop.
Related violations: <none>

REQP-1959#44 Advisory
connects_SERDES_RST_driver_not_FF  
i_system_wrapper/system_i/axi_ddr_cntrl/u_system_axi_ddr_cntrl_0_mig/u_memc_ui_top_axi/mem_intfc0/ddr_phy_top0/u_ddr_mc_phy_wrapper/u_ddr_mc_phy/ddr_phy_4lanes_2.u_ddr_phy_4lanes/ddr_byte_lane_B.ddr_byte_lane_B/ddr_byte_group_io/input_[5].iserdes_dq_.iserdesdq: The RST pin should only be driven by a Flip-flop.
Related violations: <none>

REQP-1959#45 Advisory
connects_SERDES_RST_driver_not_FF  
i_system_wrapper/system_i/axi_ddr_cntrl/u_system_axi_ddr_cntrl_0_mig/u_memc_ui_top_axi/mem_intfc0/ddr_phy_top0/u_ddr_mc_phy_wrapper/u_ddr_mc_phy/ddr_phy_4lanes_2.u_ddr_phy_4lanes/ddr_byte_lane_B.ddr_byte_lane_B/ddr_byte_group_io/input_[6].iserdes_dq_.iserdesdq: The RST pin should only be driven by a Flip-flop.
Related violations: <none>

REQP-1959#46 Advisory
connects_SERDES_RST_driver_not_FF  
i_system_wrapper/system_i/axi_ddr_cntrl/u_system_axi_ddr_cntrl_0_mig/u_memc_ui_top_axi/mem_intfc0/ddr_phy_top0/u_ddr_mc_phy_wrapper/u_ddr_mc_phy/ddr_phy_4lanes_2.u_ddr_phy_4lanes/ddr_byte_lane_B.ddr_byte_lane_B/ddr_byte_group_io/input_[7].iserdes_dq_.iserdesdq: The RST pin should only be driven by a Flip-flop.
Related violations: <none>

REQP-1959#47 Advisory
connects_SERDES_RST_driver_not_FF  
i_system_wrapper/system_i/axi_ddr_cntrl/u_system_axi_ddr_cntrl_0_mig/u_memc_ui_top_axi/mem_intfc0/ddr_phy_top0/u_ddr_mc_phy_wrapper/u_ddr_mc_phy/ddr_phy_4lanes_2.u_ddr_phy_4lanes/ddr_byte_lane_B.ddr_byte_lane_B/ddr_byte_group_io/input_[8].iserdes_dq_.iserdesdq: The RST pin should only be driven by a Flip-flop.
Related violations: <none>

REQP-1959#48 Advisory
connects_SERDES_RST_driver_not_FF  
i_system_wrapper/system_i/axi_ddr_cntrl/u_system_axi_ddr_cntrl_0_mig/u_memc_ui_top_axi/mem_intfc0/ddr_phy_top0/u_ddr_mc_phy_wrapper/u_ddr_mc_phy/ddr_phy_4lanes_2.u_ddr_phy_4lanes/ddr_byte_lane_B.ddr_byte_lane_B/ddr_byte_group_io/input_[9].iserdes_dq_.iserdesdq: The RST pin should only be driven by a Flip-flop.
Related violations: <none>

REQP-1959#49 Advisory
connects_SERDES_RST_driver_not_FF  
i_system_wrapper/system_i/axi_ddr_cntrl/u_system_axi_ddr_cntrl_0_mig/u_memc_ui_top_axi/mem_intfc0/ddr_phy_top0/u_ddr_mc_phy_wrapper/u_ddr_mc_phy/ddr_phy_4lanes_2.u_ddr_phy_4lanes/ddr_byte_lane_C.ddr_byte_lane_C/ddr_byte_group_io/input_[2].iserdes_dq_.iserdesdq: The RST pin should only be driven by a Flip-flop.
Related violations: <none>

REQP-1959#50 Advisory
connects_SERDES_RST_driver_not_FF  
i_system_wrapper/system_i/axi_ddr_cntrl/u_system_axi_ddr_cntrl_0_mig/u_memc_ui_top_axi/mem_intfc0/ddr_phy_top0/u_ddr_mc_phy_wrapper/u_ddr_mc_phy/ddr_phy_4lanes_2.u_ddr_phy_4lanes/ddr_byte_lane_C.ddr_byte_lane_C/ddr_byte_group_io/input_[3].iserdes_dq_.iserdesdq: The RST pin should only be driven by a Flip-flop.
Related violations: <none>

REQP-1959#51 Advisory
connects_SERDES_RST_driver_not_FF  
i_system_wrapper/system_i/axi_ddr_cntrl/u_system_axi_ddr_cntrl_0_mig/u_memc_ui_top_axi/mem_intfc0/ddr_phy_top0/u_ddr_mc_phy_wrapper/u_ddr_mc_phy/ddr_phy_4lanes_2.u_ddr_phy_4lanes/ddr_byte_lane_C.ddr_byte_lane_C/ddr_byte_group_io/input_[4].iserdes_dq_.iserdesdq: The RST pin should only be driven by a Flip-flop.
Related violations: <none>

REQP-1959#52 Advisory
connects_SERDES_RST_driver_not_FF  
i_system_wrapper/system_i/axi_ddr_cntrl/u_system_axi_ddr_cntrl_0_mig/u_memc_ui_top_axi/mem_intfc0/ddr_phy_top0/u_ddr_mc_phy_wrapper/u_ddr_mc_phy/ddr_phy_4lanes_2.u_ddr_phy_4lanes/ddr_byte_lane_C.ddr_byte_lane_C/ddr_byte_group_io/input_[5].iserdes_dq_.iserdesdq: The RST pin should only be driven by a Flip-flop.
Related violations: <none>

REQP-1959#53 Advisory
connects_SERDES_RST_driver_not_FF  
i_system_wrapper/system_i/axi_ddr_cntrl/u_system_axi_ddr_cntrl_0_mig/u_memc_ui_top_axi/mem_intfc0/ddr_phy_top0/u_ddr_mc_phy_wrapper/u_ddr_mc_phy/ddr_phy_4lanes_2.u_ddr_phy_4lanes/ddr_byte_lane_C.ddr_byte_lane_C/ddr_byte_group_io/input_[6].iserdes_dq_.iserdesdq: The RST pin should only be driven by a Flip-flop.
Related violations: <none>

REQP-1959#54 Advisory
connects_SERDES_RST_driver_not_FF  
i_system_wrapper/system_i/axi_ddr_cntrl/u_system_axi_ddr_cntrl_0_mig/u_memc_ui_top_axi/mem_intfc0/ddr_phy_top0/u_ddr_mc_phy_wrapper/u_ddr_mc_phy/ddr_phy_4lanes_2.u_ddr_phy_4lanes/ddr_byte_lane_C.ddr_byte_lane_C/ddr_byte_group_io/input_[7].iserdes_dq_.iserdesdq: The RST pin should only be driven by a Flip-flop.
Related violations: <none>

REQP-1959#55 Advisory
connects_SERDES_RST_driver_not_FF  
i_system_wrapper/system_i/axi_ddr_cntrl/u_system_axi_ddr_cntrl_0_mig/u_memc_ui_top_axi/mem_intfc0/ddr_phy_top0/u_ddr_mc_phy_wrapper/u_ddr_mc_phy/ddr_phy_4lanes_2.u_ddr_phy_4lanes/ddr_byte_lane_C.ddr_byte_lane_C/ddr_byte_group_io/input_[8].iserdes_dq_.iserdesdq: The RST pin should only be driven by a Flip-flop.
Related violations: <none>

REQP-1959#56 Advisory
connects_SERDES_RST_driver_not_FF  
i_system_wrapper/system_i/axi_ddr_cntrl/u_system_axi_ddr_cntrl_0_mig/u_memc_ui_top_axi/mem_intfc0/ddr_phy_top0/u_ddr_mc_phy_wrapper/u_ddr_mc_phy/ddr_phy_4lanes_2.u_ddr_phy_4lanes/ddr_byte_lane_C.ddr_byte_lane_C/ddr_byte_group_io/input_[9].iserdes_dq_.iserdesdq: The RST pin should only be driven by a Flip-flop.
Related violations: <none>

REQP-1959#57 Advisory
connects_SERDES_RST_driver_not_FF  
i_system_wrapper/system_i/axi_ddr_cntrl/u_system_axi_ddr_cntrl_0_mig/u_memc_ui_top_axi/mem_intfc0/ddr_phy_top0/u_ddr_mc_phy_wrapper/u_ddr_mc_phy/ddr_phy_4lanes_2.u_ddr_phy_4lanes/ddr_byte_lane_D.ddr_byte_lane_D/ddr_byte_group_io/input_[2].iserdes_dq_.iserdesdq: The RST pin should only be driven by a Flip-flop.
Related violations: <none>

REQP-1959#58 Advisory
connects_SERDES_RST_driver_not_FF  
i_system_wrapper/system_i/axi_ddr_cntrl/u_system_axi_ddr_cntrl_0_mig/u_memc_ui_top_axi/mem_intfc0/ddr_phy_top0/u_ddr_mc_phy_wrapper/u_ddr_mc_phy/ddr_phy_4lanes_2.u_ddr_phy_4lanes/ddr_byte_lane_D.ddr_byte_lane_D/ddr_byte_group_io/input_[3].iserdes_dq_.iserdesdq: The RST pin should only be driven by a Flip-flop.
Related violations: <none>

REQP-1959#59 Advisory
connects_SERDES_RST_driver_not_FF  
i_system_wrapper/system_i/axi_ddr_cntrl/u_system_axi_ddr_cntrl_0_mig/u_memc_ui_top_axi/mem_intfc0/ddr_phy_top0/u_ddr_mc_phy_wrapper/u_ddr_mc_phy/ddr_phy_4lanes_2.u_ddr_phy_4lanes/ddr_byte_lane_D.ddr_byte_lane_D/ddr_byte_group_io/input_[4].iserdes_dq_.iserdesdq: The RST pin should only be driven by a Flip-flop.
Related violations: <none>

REQP-1959#60 Advisory
connects_SERDES_RST_driver_not_FF  
i_system_wrapper/system_i/axi_ddr_cntrl/u_system_axi_ddr_cntrl_0_mig/u_memc_ui_top_axi/mem_intfc0/ddr_phy_top0/u_ddr_mc_phy_wrapper/u_ddr_mc_phy/ddr_phy_4lanes_2.u_ddr_phy_4lanes/ddr_byte_lane_D.ddr_byte_lane_D/ddr_byte_group_io/input_[5].iserdes_dq_.iserdesdq: The RST pin should only be driven by a Flip-flop.
Related violations: <none>

REQP-1959#61 Advisory
connects_SERDES_RST_driver_not_FF  
i_system_wrapper/system_i/axi_ddr_cntrl/u_system_axi_ddr_cntrl_0_mig/u_memc_ui_top_axi/mem_intfc0/ddr_phy_top0/u_ddr_mc_phy_wrapper/u_ddr_mc_phy/ddr_phy_4lanes_2.u_ddr_phy_4lanes/ddr_byte_lane_D.ddr_byte_lane_D/ddr_byte_group_io/input_[6].iserdes_dq_.iserdesdq: The RST pin should only be driven by a Flip-flop.
Related violations: <none>

REQP-1959#62 Advisory
connects_SERDES_RST_driver_not_FF  
i_system_wrapper/system_i/axi_ddr_cntrl/u_system_axi_ddr_cntrl_0_mig/u_memc_ui_top_axi/mem_intfc0/ddr_phy_top0/u_ddr_mc_phy_wrapper/u_ddr_mc_phy/ddr_phy_4lanes_2.u_ddr_phy_4lanes/ddr_byte_lane_D.ddr_byte_lane_D/ddr_byte_group_io/input_[7].iserdes_dq_.iserdesdq: The RST pin should only be driven by a Flip-flop.
Related violations: <none>

REQP-1959#63 Advisory
connects_SERDES_RST_driver_not_FF  
i_system_wrapper/system_i/axi_ddr_cntrl/u_system_axi_ddr_cntrl_0_mig/u_memc_ui_top_axi/mem_intfc0/ddr_phy_top0/u_ddr_mc_phy_wrapper/u_ddr_mc_phy/ddr_phy_4lanes_2.u_ddr_phy_4lanes/ddr_byte_lane_D.ddr_byte_lane_D/ddr_byte_group_io/input_[8].iserdes_dq_.iserdesdq: The RST pin should only be driven by a Flip-flop.
Related violations: <none>

REQP-1959#64 Advisory
connects_SERDES_RST_driver_not_FF  
i_system_wrapper/system_i/axi_ddr_cntrl/u_system_axi_ddr_cntrl_0_mig/u_memc_ui_top_axi/mem_intfc0/ddr_phy_top0/u_ddr_mc_phy_wrapper/u_ddr_mc_phy/ddr_phy_4lanes_2.u_ddr_phy_4lanes/ddr_byte_lane_D.ddr_byte_lane_D/ddr_byte_group_io/input_[9].iserdes_dq_.iserdesdq: The RST pin should only be driven by a Flip-flop.
Related violations: <none>


