#-----------------------------------------------------------
# Vivado v2018.2 (64-bit)
# SW Build 2258646 on Thu Jun 14 20:02:38 MDT 2018
# IP Build 2256618 on Thu Jun 14 22:10:49 MDT 2018
# Start of session at: Thu Sep 19 15:41:43 2019
# Process ID: 9247
# Current directory: /home/bernardo/FPGA/ESTHER_TRIGGER/hdl/projects/fmcjesdadc1/kc705/esther-trigger-hdl
# Command line: vivado
# Log file: /home/bernardo/FPGA/ESTHER_TRIGGER/hdl/projects/fmcjesdadc1/kc705/esther-trigger-hdl/vivado.log
# Journal file: /home/bernardo/FPGA/ESTHER_TRIGGER/hdl/projects/fmcjesdadc1/kc705/esther-trigger-hdl/vivado.jou
#-----------------------------------------------------------
start_gui
open_project /home/bernardo/FPGA/ESTHER_TRIGGER/hdl/projects/fmcjesdadc1/kc705/fmcjesdadc1_kc705.xpr
Scanning sources...
Finished scanning sources
WARNING: [filemgmt 56-3] IP Repository Path: Could not find the directory '/home/bernardo/FPGA/ESTHER_TRIGGER/ghdl/library'.
INFO: [IP_Flow 19-234] Refreshing IP repositories
INFO: [IP_Flow 19-1700] Loaded user IP repository '/home/bernardo/FPGA/ESTHER_TRIGGER/hdl/library'.
WARNING: [IP_Flow 19-2248] Failed to load user IP repository '/home/bernardo/FPGA/ESTHER_TRIGGER/ghdl/library'; Can't find the specified path.
If this directory should no longer be in your list of user repositories, go to the IP Settings dialog and remove it.
INFO: [IP_Flow 19-2313] Loaded Vivado IP repository '/home/Xilinx/Vivado/2018.2/data/ip'.
open_project: Time (s): cpu = 00:00:22 ; elapsed = 00:00:21 . Memory (MB): peak = 6211.895 ; gain = 227.828 ; free physical = 926 ; free virtual = 40939
update_compile_order -fileset sources_1
reset_run synth_1
launch_runs impl_1 -to_step write_bitstream -jobs 4
[Thu Sep 19 16:00:16 2019] Launched synth_1...
Run output will be captured here: /home/bernardo/FPGA/ESTHER_TRIGGER/hdl/projects/fmcjesdadc1/kc705/fmcjesdadc1_kc705.runs/synth_1/runme.log
[Thu Sep 19 16:00:16 2019] Launched impl_1...
Run output will be captured here: /home/bernardo/FPGA/ESTHER_TRIGGER/hdl/projects/fmcjesdadc1/kc705/fmcjesdadc1_kc705.runs/impl_1/runme.log
